[2025-01-12T00:57:36.501+0000] {taskinstance.py:1956} INFO - Dependencies all met for dep_context=non-requeueable deps ti=<TaskInstance: spotify_etl.extract_task manual__2025-01-12T00:57:21.037614+00:00 [queued]>
[2025-01-12T00:57:36.532+0000] {taskinstance.py:1956} INFO - Dependencies all met for dep_context=requeueable deps ti=<TaskInstance: spotify_etl.extract_task manual__2025-01-12T00:57:21.037614+00:00 [queued]>
[2025-01-12T00:57:36.534+0000] {taskinstance.py:2170} INFO - Starting attempt 1 of 2
[2025-01-12T00:57:36.606+0000] {taskinstance.py:2191} INFO - Executing <Task(PythonOperator): extract_task> on 2025-01-12 00:57:21.037614+00:00
[2025-01-12T00:57:36.621+0000] {standard_task_runner.py:60} INFO - Started process 290 to run task
[2025-01-12T00:57:36.642+0000] {standard_task_runner.py:87} INFO - Running: ['***', 'tasks', 'run', 'spotify_etl', 'extract_task', 'manual__2025-01-12T00:57:21.037614+00:00', '--job-id', '34', '--raw', '--subdir', 'DAGS_FOLDER/spotify_etl_dag.py', '--cfg-path', '/tmp/tmpuk86c88y']
[2025-01-12T00:57:36.651+0000] {standard_task_runner.py:88} INFO - Job 34: Subtask extract_task
[2025-01-12T00:57:36.889+0000] {task_command.py:423} INFO - Running <TaskInstance: spotify_etl.extract_task manual__2025-01-12T00:57:21.037614+00:00 [running]> on host d9ce99263c32
[2025-01-12T00:57:37.286+0000] {taskinstance.py:2480} INFO - Exporting env vars: AIRFLOW_CTX_DAG_OWNER='***' AIRFLOW_CTX_DAG_ID='spotify_etl' AIRFLOW_CTX_TASK_ID='extract_task' AIRFLOW_CTX_EXECUTION_DATE='2025-01-12T00:57:21.037614+00:00' AIRFLOW_CTX_TRY_NUMBER='1' AIRFLOW_CTX_DAG_RUN_ID='manual__2025-01-12T00:57:21.037614+00:00'
[2025-01-12T00:57:37.299+0000] {spotify_etl_dag.py:16} INFO - Starting extraction process...
[2025-01-12T00:57:37.301+0000] {logging_mixin.py:188} INFO - Access token expired, refreshing...
[2025-01-12T00:57:38.266+0000] {extract.py:10} INFO - Retrieved 7 tracks from Spotify
[2025-01-12T00:57:38.268+0000] {spotify_etl_dag.py:18} INFO - Extracted 7 tracks from Spotify
[2025-01-12T00:57:38.269+0000] {logging_mixin.py:188} INFO - Sample of first track: Track(name='Mad', artist='Duwap Kaine', album='Underdog', played_at='2025-01-12T00:54:18.646Z')
[2025-01-12T00:57:38.270+0000] {python.py:201} INFO - Done. Returned value was: [Track(name='Mad', artist='Duwap Kaine', album='Underdog', played_at='2025-01-12T00:54:18.646Z'), Track(name='#TellOnMe', artist='Duwap Kaine', album='Forever Kaine', played_at='2025-01-12T00:52:14.561Z'), Track(name='Disagree', artist='Duwap Kaine', album='Disagree', played_at='2025-01-12T00:50:09.280Z'), Track(name='Fuck the Streets', artist='Duwap Kaine', album='Fuck the Streets', played_at='2025-01-12T00:47:52.637Z'), Track(name='Santa', artist='Duwap Kaine', album='Santa', played_at='2025-01-12T00:46:06.768Z'), Track(name='Shopping Spree', artist='Duwap Kaine', album='Shopping Spree', played_at='2025-01-12T00:44:12.644Z'), Track(name='I Lost', artist='Duwap Kaine', album='I Lost', played_at='2025-01-12T00:41:49.760Z')]
[2025-01-12T00:57:38.286+0000] {xcom.py:664} ERROR - Object of type Track is not JSON serializable. If you are using pickle instead of JSON for XCom, then you need to enable pickle support for XCom in your *** config or make sure to decorate your object with attr.
[2025-01-12T00:57:38.289+0000] {taskinstance.py:2698} ERROR - Task failed with exception
Traceback (most recent call last):
  File "/home/airflow/.local/lib/python3.8/site-packages/airflow/utils/json.py", line 91, in default
    return serialize(o)
  File "/home/airflow/.local/lib/python3.8/site-packages/airflow/serialization/serde.py", line 180, in serialize
    raise TypeError(f"cannot serialize object of type {cls}")
TypeError: cannot serialize object of type <class 'common.hooks.SpotifyHook.Track'>

During handling of the above exception, another exception occurred:

Traceback (most recent call last):
  File "/home/airflow/.local/lib/python3.8/site-packages/airflow/models/taskinstance.py", line 440, in _execute_task
    task_instance.xcom_push(key=XCOM_RETURN_KEY, value=xcom_value, session=session)
  File "/home/airflow/.local/lib/python3.8/site-packages/airflow/utils/session.py", line 76, in wrapper
    return func(*args, **kwargs)
  File "/home/airflow/.local/lib/python3.8/site-packages/airflow/models/taskinstance.py", line 2980, in xcom_push
    XCom.set(
  File "/home/airflow/.local/lib/python3.8/site-packages/airflow/utils/session.py", line 76, in wrapper
    return func(*args, **kwargs)
  File "/home/airflow/.local/lib/python3.8/site-packages/airflow/models/xcom.py", line 247, in set
    value = cls.serialize_value(
  File "/home/airflow/.local/lib/python3.8/site-packages/airflow/models/xcom.py", line 662, in serialize_value
    return json.dumps(value, cls=XComEncoder).encode("UTF-8")
  File "/usr/local/lib/python3.8/json/__init__.py", line 234, in dumps
    return cls(
  File "/home/airflow/.local/lib/python3.8/site-packages/airflow/utils/json.py", line 104, in encode
    return super().encode(o)
  File "/usr/local/lib/python3.8/json/encoder.py", line 199, in encode
    chunks = self.iterencode(o, _one_shot=True)
  File "/usr/local/lib/python3.8/json/encoder.py", line 257, in iterencode
    return _iterencode(o, 0)
  File "/home/airflow/.local/lib/python3.8/site-packages/airflow/utils/json.py", line 93, in default
    return super().default(o)
  File "/usr/local/lib/python3.8/json/encoder.py", line 179, in default
    raise TypeError(f'Object of type {o.__class__.__name__} '
TypeError: Object of type Track is not JSON serializable
[2025-01-12T00:57:38.306+0000] {taskinstance.py:1138} INFO - Marking task as UP_FOR_RETRY. dag_id=spotify_etl, task_id=extract_task, execution_date=20250112T005721, start_date=20250112T005736, end_date=20250112T005738
[2025-01-12T00:57:38.336+0000] {standard_task_runner.py:107} ERROR - Failed to execute job 34 for task extract_task (Object of type Track is not JSON serializable; 290)
[2025-01-12T00:57:38.373+0000] {local_task_job_runner.py:234} INFO - Task exited with return code 1
[2025-01-12T00:57:38.428+0000] {taskinstance.py:3280} INFO - 0 downstream tasks scheduled from follow-on schedule check
